Using pre-set license
Built from '2020.3/staging' branch; Version is '2020.3.11f1 (99c7afb366b3) revision 10078127'; Using compiler version '192528614'; Build Type 'Release'
OS: 'Windows 10 Home; OS build 19042.1348; Version 2009; 64bit' Language: 'en' Physical Memory: 16259 MB
BatchMode: 1, IsHumanControllingUs: 0, StartBugReporterOnCrash: 0, Is64bit: 1, IsPro: 0

 COMMAND LINE ARGUMENTS:
C:\Program Files\Unity\Hub\Editor\2020.3.11f1\Editor\Unity.exe
-adb2
-batchMode
-noUpm
-name
AssetImportWorker0
-projectPath
D:/dev/GameDev/Unity_Projects/Tutorials/RPG bundle/RPG Project
-logFile
Logs/AssetImportWorker0.log
-srvPort
54166
Successfully changed project path to: D:/dev/GameDev/Unity_Projects/Tutorials/RPG bundle/RPG Project
D:/dev/GameDev/Unity_Projects/Tutorials/RPG bundle/RPG Project
Using Asset Import Pipeline V2.
Refreshing native plugins compatible for Editor in 63.99 ms, found 2 plugins.
Preloading 0 native plugins for Editor in 0.00 ms.
Initialize engine version: 2020.3.11f1 (99c7afb366b3)
[Subsystems] Discovering subsystems at path C:/Program Files/Unity/Hub/Editor/2020.3.11f1/Editor/Data/Resources/UnitySubsystems
[Subsystems] Discovering subsystems at path D:/dev/GameDev/Unity_Projects/Tutorials/RPG bundle/RPG Project/Assets
GfxDevice: creating device client; threaded=0
Direct3D:
    Version:  Direct3D 11.0 [level 11.1]
    Renderer: NVIDIA GeForce GTX 1050 Ti (ID=0x1c8c)
    Vendor:   
    VRAM:     4021 MB
    Driver:   27.21.14.6589
Initialize mono
Mono path[0] = 'C:/Program Files/Unity/Hub/Editor/2020.3.11f1/Editor/Data/Managed'
Mono path[1] = 'C:/Program Files/Unity/Hub/Editor/2020.3.11f1/Editor/Data/MonoBleedingEdge/lib/mono/unityjit'
Mono config path = 'C:/Program Files/Unity/Hub/Editor/2020.3.11f1/Editor/Data/MonoBleedingEdge/etc'
Using monoOptions --debugger-agent=transport=dt_socket,embedding=1,server=y,suspend=n,address=127.0.0.1:56288
Begin MonoManager ReloadAssembly
Registering precompiled unity dll's ...
Register platform support module: C:/Program Files/Unity/Hub/Editor/2020.3.11f1/Editor/Data/PlaybackEngines/WindowsStandaloneSupport/UnityEditor.WindowsStandalone.Extensions.dll
Registered in 0.003037 seconds.
Native extension for WindowsStandalone target not found
Refreshing native plugins compatible for Editor in 52.24 ms, found 2 plugins.
Preloading 0 native plugins for Editor in 0.00 ms.
Mono: successfully reloaded assembly
- Completed reload, in  1.466 seconds
Platform modules already initialized, skipping
Registering precompiled user dll's ...
Registered in 0.004146 seconds.
Begin MonoManager ReloadAssembly
Native extension for WindowsStandalone target not found
Refreshing native plugins compatible for Editor in 0.70 ms, found 2 plugins.
Preloading 0 native plugins for Editor in 0.00 ms.
Mono: successfully reloaded assembly
- Completed reload, in  1.378 seconds
Platform modules already initialized, skipping
========================================================================
Worker process is ready to serve import requests
Launched and connected shader compiler UnityShaderCompiler.exe after 0.07 seconds
Refreshing native plugins compatible for Editor in 0.70 ms, found 2 plugins.
Preloading 0 native plugins for Editor in 0.00 ms.
Unloading 2121 Unused Serialized files (Serialized files now loaded: 0)
System memory in use before: 101.1 MB.
System memory in use after: 101.2 MB.

Unloading 59 unused Assets to reduce memory usage. Loaded Objects now: 2548.
Total: 7.967300 ms (FindLiveObjects: 0.276300 ms CreateObjectMapping: 0.100700 ms MarkObjects: 7.402300 ms  DeleteObjects: 0.186000 ms)

========================================================================
Received Import Request.
  path: Assets/Game/Characters/Character.prefab
  artifactKey: Guid(c243031bbf12c2740a74c1c0ae30ffcc) Importer(815301076,1909f56bfc062723c751e8b465ee728b)
Start importing Assets/Game/Characters/Character.prefab using Guid(c243031bbf12c2740a74c1c0ae30ffcc) Importer(815301076,1909f56bfc062723c751e8b465ee728b)  -> (artifact id: 'b3e01eaaca9e0f8bb730dcc8fc9b311d') in 0.060121 seconds
  Import took 0.065275 seconds .

========================================================================
Received Prepare
Refreshing native plugins compatible for Editor in 8.98 ms, found 2 plugins.
Preloading 0 native plugins for Editor in 0.00 ms.
Unloading 47 Unused Serialized files (Serialized files now loaded: 0)
System memory in use before: 59.0 MB.
System memory in use after: 59.1 MB.

Unloading 47 unused Assets to reduce memory usage. Loaded Objects now: 2548.
Total: 7.405400 ms (FindLiveObjects: 0.332000 ms CreateObjectMapping: 0.111600 ms MarkObjects: 6.892700 ms  DeleteObjects: 0.067500 ms)

========================================================================
Received Import Request.
  Time since last request: 41.344873 seconds.
  path: Assets/Game/UI/In Game/Damage Text.prefab
  artifactKey: Guid(669d2eb0c1fa49c4f8fb3911dee1271f) Importer(815301076,1909f56bfc062723c751e8b465ee728b)
Start importing Assets/Game/UI/In Game/Damage Text.prefab using Guid(669d2eb0c1fa49c4f8fb3911dee1271f) Importer(815301076,1909f56bfc062723c751e8b465ee728b)  -> (artifact id: '52787aba8acfb6219ab9cad58149da5c') in 0.014390 seconds
  Import took 0.018048 seconds .

========================================================================
Received Import Request.
  Time since last request: 141.992142 seconds.
  path: Assets/Game/UI/In Game/Damage Text.prefab
  artifactKey: Guid(669d2eb0c1fa49c4f8fb3911dee1271f) Importer(815301076,1909f56bfc062723c751e8b465ee728b)
Start importing Assets/Game/UI/In Game/Damage Text.prefab using Guid(669d2eb0c1fa49c4f8fb3911dee1271f) Importer(815301076,1909f56bfc062723c751e8b465ee728b)  -> (artifact id: 'ae8bdc5441cb4db80426d00b3d8a0e3c') in 0.011710 seconds
  Import took 0.016414 seconds .

========================================================================
Received Import Request.
  Time since last request: 8.105132 seconds.
  path: Assets/Game/UI/In Game/Damage Text Spawner.prefab
  artifactKey: Guid(992942dda2f8d564e8b994b07b058045) Importer(815301076,1909f56bfc062723c751e8b465ee728b)
Start importing Assets/Game/UI/In Game/Damage Text Spawner.prefab using Guid(992942dda2f8d564e8b994b07b058045) Importer(815301076,1909f56bfc062723c751e8b465ee728b)  -> (artifact id: '5293c7bc2906ad9c44b6f0ec28302d17') in 0.003175 seconds
  Import took 0.006978 seconds .

========================================================================
Received Import Request.
  Time since last request: 2.405855 seconds.
  path: Assets/Game/UI/In Game/Damage Text.prefab
  artifactKey: Guid(669d2eb0c1fa49c4f8fb3911dee1271f) Importer(815301076,1909f56bfc062723c751e8b465ee728b)
Start importing Assets/Game/UI/In Game/Damage Text.prefab using Guid(669d2eb0c1fa49c4f8fb3911dee1271f) Importer(815301076,1909f56bfc062723c751e8b465ee728b)  -> (artifact id: 'e25b211b7bcf36f1f4296f21e277df0b') in 0.003841 seconds
  Import took 0.007169 seconds .

========================================================================
Received Import Request.
  Time since last request: 0.001254 seconds.
  path: Assets/Game/UI/In Game/Damage Text.prefab
  artifactKey: Guid(669d2eb0c1fa49c4f8fb3911dee1271f) Importer(815301076,1909f56bfc062723c751e8b465ee728b)
Start importing Assets/Game/UI/In Game/Damage Text.prefab using Guid(669d2eb0c1fa49c4f8fb3911dee1271f) Importer(815301076,1909f56bfc062723c751e8b465ee728b)  -> (artifact id: 'e25b211b7bcf36f1f4296f21e277df0b') in 0.003076 seconds
  Import took 0.006791 seconds .

========================================================================
Received Import Request.
  Time since last request: 24.402468 seconds.
  path: Assets/Game/UI/In Game/Damage Text Spawner.prefab
  artifactKey: Guid(992942dda2f8d564e8b994b07b058045) Importer(815301076,1909f56bfc062723c751e8b465ee728b)
Start importing Assets/Game/UI/In Game/Damage Text Spawner.prefab using Guid(992942dda2f8d564e8b994b07b058045) Importer(815301076,1909f56bfc062723c751e8b465ee728b)  -> (artifact id: 'a9436958f1808f8b25f366378d100963') in 0.004384 seconds
  Import took 0.008334 seconds .

========================================================================
Received Import Request.
  Time since last request: 0.646819 seconds.
  path: Assets/Game/UI/In Game/Damage Text.prefab
  artifactKey: Guid(669d2eb0c1fa49c4f8fb3911dee1271f) Importer(815301076,1909f56bfc062723c751e8b465ee728b)
Start importing Assets/Game/UI/In Game/Damage Text.prefab using Guid(669d2eb0c1fa49c4f8fb3911dee1271f) Importer(815301076,1909f56bfc062723c751e8b465ee728b)  -> (artifact id: '27ca6850623437df8dfdaae86e9cdff1') in 0.003392 seconds
  Import took 0.007290 seconds .

========================================================================
Received Import Request.
  Time since last request: 0.001375 seconds.
  path: Assets/Game/UI/In Game/Damage Text.prefab
  artifactKey: Guid(669d2eb0c1fa49c4f8fb3911dee1271f) Importer(815301076,1909f56bfc062723c751e8b465ee728b)
Start importing Assets/Game/UI/In Game/Damage Text.prefab using Guid(669d2eb0c1fa49c4f8fb3911dee1271f) Importer(815301076,1909f56bfc062723c751e8b465ee728b)  -> (artifact id: '27ca6850623437df8dfdaae86e9cdff1') in 0.003001 seconds
  Import took 0.006273 seconds .

========================================================================
Received Prepare
Registering precompiled user dll's ...
Registered in 0.005882 seconds.
Begin MonoManager ReloadAssembly
Native extension for WindowsStandalone target not found
Refreshing native plugins compatible for Editor in 0.70 ms, found 2 plugins.
Preloading 0 native plugins for Editor in 0.00 ms.
Mono: successfully reloaded assembly
- Completed reload, in  1.391 seconds
Platform modules already initialized, skipping
Refreshing native plugins compatible for Editor in 0.73 ms, found 2 plugins.
Preloading 0 native plugins for Editor in 0.00 ms.
Unloading 2100 Unused Serialized files (Serialized files now loaded: 0)
System memory in use before: 99.7 MB.
System memory in use after: 99.8 MB.

Unloading 50 unused Assets to reduce memory usage. Loaded Objects now: 2553.
Total: 6.382000 ms (FindLiveObjects: 0.238100 ms CreateObjectMapping: 0.141800 ms MarkObjects: 5.969100 ms  DeleteObjects: 0.031500 ms)

========================================================================
Received Prepare
Registering precompiled user dll's ...
Registered in 0.006834 seconds.
Begin MonoManager ReloadAssembly
Native extension for WindowsStandalone target not found
Refreshing native plugins compatible for Editor in 1.08 ms, found 2 plugins.
Preloading 0 native plugins for Editor in 0.00 ms.
Mono: successfully reloaded assembly
- Completed reload, in  1.772 seconds
Platform modules already initialized, skipping
Refreshing native plugins compatible for Editor in 0.89 ms, found 2 plugins.
Preloading 0 native plugins for Editor in 0.00 ms.
Unloading 2100 Unused Serialized files (Serialized files now loaded: 0)
System memory in use before: 99.7 MB.
System memory in use after: 99.9 MB.

Unloading 50 unused Assets to reduce memory usage. Loaded Objects now: 2556.
Total: 7.234000 ms (FindLiveObjects: 0.252700 ms CreateObjectMapping: 0.106800 ms MarkObjects: 6.836200 ms  DeleteObjects: 0.036700 ms)

========================================================================
Received Import Request.
  Time since last request: 556.497826 seconds.
  path: Assets/Scripts/Attributes/HealthBar.cs
  artifactKey: Guid(b54030ac214232648940722aa117ee73) Importer(815301076,1909f56bfc062723c751e8b465ee728b)
Start importing Assets/Scripts/Attributes/HealthBar.cs using Guid(b54030ac214232648940722aa117ee73) Importer(815301076,1909f56bfc062723c751e8b465ee728b)  -> (artifact id: '89e65f903a5a67329d5cbbf41fd0c012') in 0.017251 seconds
  Import took 0.021329 seconds .

========================================================================
Received Prepare
Registering precompiled user dll's ...
Registered in 0.005337 seconds.
Begin MonoManager ReloadAssembly
Native extension for WindowsStandalone target not found
Refreshing native plugins compatible for Editor in 0.87 ms, found 2 plugins.
Preloading 0 native plugins for Editor in 0.00 ms.
Mono: successfully reloaded assembly
- Completed reload, in  2.588 seconds
Platform modules already initialized, skipping
Refreshing native plugins compatible for Editor in 0.89 ms, found 2 plugins.
Preloading 0 native plugins for Editor in 0.00 ms.
Unloading 2101 Unused Serialized files (Serialized files now loaded: 0)
System memory in use before: 99.8 MB.
System memory in use after: 99.9 MB.

Unloading 50 unused Assets to reduce memory usage. Loaded Objects now: 2560.
Total: 8.727800 ms (FindLiveObjects: 0.264700 ms CreateObjectMapping: 0.097900 ms MarkObjects: 8.306300 ms  DeleteObjects: 0.056700 ms)

========================================================================
Received Prepare
Registering precompiled user dll's ...
Registered in 0.003922 seconds.
Begin MonoManager ReloadAssembly
Native extension for WindowsStandalone target not found
Refreshing native plugins compatible for Editor in 0.75 ms, found 2 plugins.
Preloading 0 native plugins for Editor in 0.00 ms.
Mono: successfully reloaded assembly
- Completed reload, in  1.370 seconds
Platform modules already initialized, skipping
Refreshing native plugins compatible for Editor in 0.73 ms, found 2 plugins.
Preloading 0 native plugins for Editor in 0.00 ms.
Unloading 2101 Unused Serialized files (Serialized files now loaded: 0)
System memory in use before: 99.8 MB.
System memory in use after: 99.9 MB.

Unloading 50 unused Assets to reduce memory usage. Loaded Objects now: 2563.
Total: 6.323100 ms (FindLiveObjects: 0.205500 ms CreateObjectMapping: 0.084200 ms MarkObjects: 6.002200 ms  DeleteObjects: 0.030100 ms)

========================================================================
Received Import Request.
  Time since last request: 77.859574 seconds.
  path: Assets/Scripts/Attributes/HealthBar.cs
  artifactKey: Guid(b54030ac214232648940722aa117ee73) Importer(815301076,1909f56bfc062723c751e8b465ee728b)
Start importing Assets/Scripts/Attributes/HealthBar.cs using Guid(b54030ac214232648940722aa117ee73) Importer(815301076,1909f56bfc062723c751e8b465ee728b)  -> (artifact id: 'dfd876f14d39a990af8980574bcd2236') in 0.004506 seconds
  Import took 0.008695 seconds .

========================================================================
Received Import Request.
  Time since last request: 63.650505 seconds.
  path: Assets/Game/UI/In Game/Health Bar.prefab
  artifactKey: Guid(4ac5151916909734ba088f1364c90972) Importer(815301076,1909f56bfc062723c751e8b465ee728b)
Start importing Assets/Game/UI/In Game/Health Bar.prefab using Guid(4ac5151916909734ba088f1364c90972) Importer(815301076,1909f56bfc062723c751e8b465ee728b)  -> (artifact id: '537d17cdb37aa9c19dab0f5299b6a202') in 0.058368 seconds
  Import took 0.063870 seconds .

========================================================================
Received Prepare
Registering precompiled user dll's ...
Registered in 0.004441 seconds.
Begin MonoManager ReloadAssembly
Native extension for WindowsStandalone target not found
Refreshing native plugins compatible for Editor in 0.72 ms, found 2 plugins.
Preloading 0 native plugins for Editor in 0.00 ms.
Mono: successfully reloaded assembly
- Completed reload, in  1.337 seconds
Platform modules already initialized, skipping
Refreshing native plugins compatible for Editor in 0.78 ms, found 2 plugins.
Preloading 0 native plugins for Editor in 0.00 ms.
Unloading 2101 Unused Serialized files (Serialized files now loaded: 0)
System memory in use before: 99.8 MB.
System memory in use after: 99.9 MB.

Unloading 50 unused Assets to reduce memory usage. Loaded Objects now: 2566.
Total: 7.793500 ms (FindLiveObjects: 0.199300 ms CreateObjectMapping: 0.075400 ms MarkObjects: 7.458400 ms  DeleteObjects: 0.059200 ms)

========================================================================
Received Prepare
Registering precompiled user dll's ...
Registered in 0.004300 seconds.
Begin MonoManager ReloadAssembly
Native extension for WindowsStandalone target not found
Refreshing native plugins compatible for Editor in 0.80 ms, found 2 plugins.
Preloading 0 native plugins for Editor in 0.00 ms.
Mono: successfully reloaded assembly
- Completed reload, in  1.329 seconds
Platform modules already initialized, skipping
Refreshing native plugins compatible for Editor in 0.80 ms, found 2 plugins.
Preloading 0 native plugins for Editor in 0.00 ms.
Unloading 2101 Unused Serialized files (Serialized files now loaded: 0)
System memory in use before: 99.8 MB.
System memory in use after: 99.9 MB.

Unloading 50 unused Assets to reduce memory usage. Loaded Objects now: 2569.
Total: 6.934600 ms (FindLiveObjects: 0.282200 ms CreateObjectMapping: 0.106700 ms MarkObjects: 6.499600 ms  DeleteObjects: 0.044400 ms)

========================================================================
Received Import Request.
  Time since last request: 291.640883 seconds.
  path: Assets/Game/UI/In Game/Health Bar.prefab
  artifactKey: Guid(4ac5151916909734ba088f1364c90972) Importer(815301076,1909f56bfc062723c751e8b465ee728b)
Start importing Assets/Game/UI/In Game/Health Bar.prefab using Guid(4ac5151916909734ba088f1364c90972) Importer(815301076,1909f56bfc062723c751e8b465ee728b)  -> (artifact id: 'c82ada3a8f5fa6999e44281c5ed8fe9f') in 0.042616 seconds
  Import took 0.046764 seconds .

========================================================================
Received Prepare
Registering precompiled user dll's ...
Registered in 0.005244 seconds.
Begin MonoManager ReloadAssembly
Native extension for WindowsStandalone target not found
Refreshing native plugins compatible for Editor in 0.74 ms, found 2 plugins.
Preloading 0 native plugins for Editor in 0.00 ms.
Mono: successfully reloaded assembly
- Completed reload, in  1.464 seconds
Platform modules already initialized, skipping
Refreshing native plugins compatible for Editor in 0.83 ms, found 2 plugins.
Preloading 0 native plugins for Editor in 0.00 ms.
Unloading 2101 Unused Serialized files (Serialized files now loaded: 0)
System memory in use before: 99.8 MB.
System memory in use after: 99.9 MB.

Unloading 50 unused Assets to reduce memory usage. Loaded Objects now: 2572.
Total: 7.736800 ms (FindLiveObjects: 0.273100 ms CreateObjectMapping: 0.080500 ms MarkObjects: 7.345800 ms  DeleteObjects: 0.036100 ms)

========================================================================
Received Prepare
Registering precompiled user dll's ...
Registered in 0.004986 seconds.
Begin MonoManager ReloadAssembly
Native extension for WindowsStandalone target not found
Refreshing native plugins compatible for Editor in 0.71 ms, found 2 plugins.
Preloading 0 native plugins for Editor in 0.00 ms.
Mono: successfully reloaded assembly
- Completed reload, in  1.432 seconds
Platform modules already initialized, skipping
Refreshing native plugins compatible for Editor in 0.74 ms, found 2 plugins.
Preloading 0 native plugins for Editor in 0.00 ms.
Unloading 2101 Unused Serialized files (Serialized files now loaded: 0)
System memory in use before: 99.8 MB.
System memory in use after: 100.0 MB.

Unloading 50 unused Assets to reduce memory usage. Loaded Objects now: 2575.
Total: 6.865400 ms (FindLiveObjects: 0.294400 ms CreateObjectMapping: 0.112500 ms MarkObjects: 6.398500 ms  DeleteObjects: 0.058700 ms)

========================================================================
Received Import Request.
  Time since last request: 372.766877 seconds.
  path: Assets/Game/Core/PersistentObjects.prefab
  artifactKey: Guid(c26e490b247c9df438e439d69885a0df) Importer(815301076,1909f56bfc062723c751e8b465ee728b)
Start importing Assets/Game/Core/PersistentObjects.prefab using Guid(c26e490b247c9df438e439d69885a0df) Importer(815301076,1909f56bfc062723c751e8b465ee728b)  -> (artifact id: '9b8b4f0d79bc4a626de4ad3df76349a6') in 0.041339 seconds
  Import took 0.045120 seconds .

========================================================================
Received Prepare
Registering precompiled user dll's ...
Registered in 0.004781 seconds.
Begin MonoManager ReloadAssembly
Native extension for WindowsStandalone target not found
Refreshing native plugins compatible for Editor in 0.97 ms, found 2 plugins.
Preloading 0 native plugins for Editor in 0.00 ms.
Mono: successfully reloaded assembly
- Completed reload, in  1.372 seconds
Platform modules already initialized, skipping
Refreshing native plugins compatible for Editor in 1.14 ms, found 2 plugins.
Preloading 0 native plugins for Editor in 0.00 ms.
Unloading 2101 Unused Serialized files (Serialized files now loaded: 0)
System memory in use before: 99.8 MB.
System memory in use after: 100.0 MB.

Unloading 50 unused Assets to reduce memory usage. Loaded Objects now: 2578.
Total: 7.018300 ms (FindLiveObjects: 0.229700 ms CreateObjectMapping: 0.077700 ms MarkObjects: 6.674600 ms  DeleteObjects: 0.034600 ms)

AssetImportWorkerClient::OnTransportError - code=2 error=End of file
