Using pre-set license
Built from '2020.3/staging' branch; Version is '2020.3.11f1 (99c7afb366b3) revision 10078127'; Using compiler version '192528614'; Build Type 'Release'
OS: 'Windows 10 Home; OS build 19042.1348; Version 2009; 64bit' Language: 'en' Physical Memory: 16259 MB
BatchMode: 1, IsHumanControllingUs: 0, StartBugReporterOnCrash: 0, Is64bit: 1, IsPro: 0

 COMMAND LINE ARGUMENTS:
C:\Program Files\Unity\Hub\Editor\2020.3.11f1\Editor\Unity.exe
-adb2
-batchMode
-noUpm
-name
AssetImportWorker0
-projectPath
D:/dev/GameDev/Unity_Projects/Tutorials/RPG bundle/RPG Project
-logFile
Logs/AssetImportWorker0.log
-srvPort
54597
Successfully changed project path to: D:/dev/GameDev/Unity_Projects/Tutorials/RPG bundle/RPG Project
D:/dev/GameDev/Unity_Projects/Tutorials/RPG bundle/RPG Project
Using Asset Import Pipeline V2.
Refreshing native plugins compatible for Editor in 62.95 ms, found 2 plugins.
Preloading 0 native plugins for Editor in 0.00 ms.
Initialize engine version: 2020.3.11f1 (99c7afb366b3)
[Subsystems] Discovering subsystems at path C:/Program Files/Unity/Hub/Editor/2020.3.11f1/Editor/Data/Resources/UnitySubsystems
[Subsystems] Discovering subsystems at path D:/dev/GameDev/Unity_Projects/Tutorials/RPG bundle/RPG Project/Assets
GfxDevice: creating device client; threaded=0
Direct3D:
    Version:  Direct3D 11.0 [level 11.1]
    Renderer: NVIDIA GeForce GTX 1050 Ti (ID=0x1c8c)
    Vendor:   
    VRAM:     4021 MB
    Driver:   27.21.14.6589
Initialize mono
Mono path[0] = 'C:/Program Files/Unity/Hub/Editor/2020.3.11f1/Editor/Data/Managed'
Mono path[1] = 'C:/Program Files/Unity/Hub/Editor/2020.3.11f1/Editor/Data/MonoBleedingEdge/lib/mono/unityjit'
Mono config path = 'C:/Program Files/Unity/Hub/Editor/2020.3.11f1/Editor/Data/MonoBleedingEdge/etc'
Using monoOptions --debugger-agent=transport=dt_socket,embedding=1,server=y,suspend=n,address=127.0.0.1:56132
Begin MonoManager ReloadAssembly
Registering precompiled unity dll's ...
Register platform support module: C:/Program Files/Unity/Hub/Editor/2020.3.11f1/Editor/Data/PlaybackEngines/WindowsStandaloneSupport/UnityEditor.WindowsStandalone.Extensions.dll
Registered in 0.002664 seconds.
Native extension for WindowsStandalone target not found
Refreshing native plugins compatible for Editor in 57.64 ms, found 2 plugins.
Preloading 0 native plugins for Editor in 0.00 ms.
Mono: successfully reloaded assembly
- Completed reload, in  1.590 seconds
Platform modules already initialized, skipping
Registering precompiled user dll's ...
Registered in 0.004216 seconds.
Begin MonoManager ReloadAssembly
Native extension for WindowsStandalone target not found
Refreshing native plugins compatible for Editor in 0.87 ms, found 2 plugins.
Preloading 0 native plugins for Editor in 0.00 ms.
Mono: successfully reloaded assembly
- Completed reload, in  1.793 seconds
Platform modules already initialized, skipping
========================================================================
Worker process is ready to serve import requests
Launched and connected shader compiler UnityShaderCompiler.exe after 0.08 seconds
Refreshing native plugins compatible for Editor in 1.26 ms, found 2 plugins.
Preloading 0 native plugins for Editor in 0.00 ms.
Unloading 2122 Unused Serialized files (Serialized files now loaded: 0)
System memory in use before: 101.2 MB.
System memory in use after: 101.3 MB.

Unloading 59 unused Assets to reduce memory usage. Loaded Objects now: 2549.
Total: 12.783700 ms (FindLiveObjects: 0.226200 ms CreateObjectMapping: 0.102100 ms MarkObjects: 12.226200 ms  DeleteObjects: 0.227000 ms)

========================================================================
Received Import Request.
  path: Assets/Game/Characters/Character.prefab
  artifactKey: Guid(c243031bbf12c2740a74c1c0ae30ffcc) Importer(815301076,1909f56bfc062723c751e8b465ee728b)
Start importing Assets/Game/Characters/Character.prefab using Guid(c243031bbf12c2740a74c1c0ae30ffcc) Importer(815301076,1909f56bfc062723c751e8b465ee728b)  -> (artifact id: '9e8ccc1a31e635308441ac3107822e78') in 0.117396 seconds
  Import took 0.124651 seconds .

========================================================================
Received Prepare
Registering precompiled user dll's ...
Registered in 0.004290 seconds.
Begin MonoManager ReloadAssembly
Native extension for WindowsStandalone target not found
Refreshing native plugins compatible for Editor in 0.71 ms, found 2 plugins.
Preloading 0 native plugins for Editor in 0.00 ms.
Mono: successfully reloaded assembly
- Completed reload, in  1.424 seconds
Platform modules already initialized, skipping
Refreshing native plugins compatible for Editor in 0.76 ms, found 2 plugins.
Preloading 0 native plugins for Editor in 0.00 ms.
Unloading 2101 Unused Serialized files (Serialized files now loaded: 0)
System memory in use before: 99.8 MB.
System memory in use after: 99.9 MB.

Unloading 50 unused Assets to reduce memory usage. Loaded Objects now: 2554.
Total: 7.137100 ms (FindLiveObjects: 0.223300 ms CreateObjectMapping: 0.072000 ms MarkObjects: 6.807500 ms  DeleteObjects: 0.032900 ms)

========================================================================
Received Prepare
Registering precompiled user dll's ...
Registered in 0.003907 seconds.
Begin MonoManager ReloadAssembly
Native extension for WindowsStandalone target not found
Refreshing native plugins compatible for Editor in 0.71 ms, found 2 plugins.
Preloading 0 native plugins for Editor in 0.00 ms.
Mono: successfully reloaded assembly
- Completed reload, in  1.430 seconds
Platform modules already initialized, skipping
Refreshing native plugins compatible for Editor in 0.77 ms, found 2 plugins.
Preloading 0 native plugins for Editor in 0.00 ms.
Unloading 2101 Unused Serialized files (Serialized files now loaded: 0)
System memory in use before: 99.8 MB.
System memory in use after: 99.9 MB.

Unloading 50 unused Assets to reduce memory usage. Loaded Objects now: 2557.
Total: 6.514800 ms (FindLiveObjects: 0.331100 ms CreateObjectMapping: 0.093400 ms MarkObjects: 6.059800 ms  DeleteObjects: 0.029500 ms)

========================================================================
Received Import Request.
  Time since last request: 368.123130 seconds.
  path: Assets/Game/Projectiles/Root Arrow Projectile.prefab
  artifactKey: Guid(66483bef4b889c041a9a1cf7a7d600cb) Importer(815301076,1909f56bfc062723c751e8b465ee728b)
Start importing Assets/Game/Projectiles/Root Arrow Projectile.prefab using Guid(66483bef4b889c041a9a1cf7a7d600cb) Importer(815301076,1909f56bfc062723c751e8b465ee728b)  -> (artifact id: 'a87c2932a605c310e5562bc2d533c050') in 0.106244 seconds
  Import took 0.110355 seconds .

========================================================================
Received Prepare
Registering precompiled user dll's ...
Registered in 0.005099 seconds.
Begin MonoManager ReloadAssembly
Native extension for WindowsStandalone target not found
Refreshing native plugins compatible for Editor in 0.77 ms, found 2 plugins.
Preloading 0 native plugins for Editor in 0.00 ms.
Mono: successfully reloaded assembly
- Completed reload, in  1.441 seconds
Platform modules already initialized, skipping
Refreshing native plugins compatible for Editor in 0.74 ms, found 2 plugins.
Preloading 0 native plugins for Editor in 0.00 ms.
Unloading 2101 Unused Serialized files (Serialized files now loaded: 0)
System memory in use before: 102.8 MB.
System memory in use after: 102.9 MB.

Unloading 50 unused Assets to reduce memory usage. Loaded Objects now: 2568.
Total: 6.640400 ms (FindLiveObjects: 0.378700 ms CreateObjectMapping: 0.097400 ms MarkObjects: 6.130100 ms  DeleteObjects: 0.032700 ms)

========================================================================
Received Import Request.
  Time since last request: 184.476285 seconds.
  path: Assets/Game/Projectiles/Fireball Projectile.prefab
  artifactKey: Guid(91bd593ac9286de4994cd0ed15f66ab6) Importer(815301076,1909f56bfc062723c751e8b465ee728b)
Start importing Assets/Game/Projectiles/Fireball Projectile.prefab using Guid(91bd593ac9286de4994cd0ed15f66ab6) Importer(815301076,1909f56bfc062723c751e8b465ee728b)  -> (artifact id: '056fba69aefa43be8de843129388a4bd') in 0.042076 seconds
  Import took 0.047116 seconds .

========================================================================
Received Import Request.
  Time since last request: 0.004206 seconds.
  path: Assets/Game/Projectiles/Fireball Projectile.prefab
  artifactKey: Guid(91bd593ac9286de4994cd0ed15f66ab6) Importer(815301076,1909f56bfc062723c751e8b465ee728b)
Start importing Assets/Game/Projectiles/Fireball Projectile.prefab using Guid(91bd593ac9286de4994cd0ed15f66ab6) Importer(815301076,1909f56bfc062723c751e8b465ee728b)  -> (artifact id: '056fba69aefa43be8de843129388a4bd') in 0.005911 seconds
  Import took 0.010101 seconds .

========================================================================
Received Prepare
Registering precompiled user dll's ...
Registered in 0.007026 seconds.
Begin MonoManager ReloadAssembly
Native extension for WindowsStandalone target not found
Refreshing native plugins compatible for Editor in 1.02 ms, found 2 plugins.
Preloading 0 native plugins for Editor in 0.00 ms.
Mono: successfully reloaded assembly
- Completed reload, in  1.760 seconds
Platform modules already initialized, skipping
Refreshing native plugins compatible for Editor in 0.93 ms, found 2 plugins.
Preloading 0 native plugins for Editor in 0.00 ms.
Unloading 2101 Unused Serialized files (Serialized files now loaded: 0)
System memory in use before: 102.8 MB.
System memory in use after: 103.0 MB.

Unloading 50 unused Assets to reduce memory usage. Loaded Objects now: 2571.
Total: 8.919800 ms (FindLiveObjects: 0.256000 ms CreateObjectMapping: 0.168200 ms MarkObjects: 8.428400 ms  DeleteObjects: 0.065300 ms)

========================================================================
Received Prepare
Registering precompiled user dll's ...
Registered in 0.004803 seconds.
Begin MonoManager ReloadAssembly
Native extension for WindowsStandalone target not found
Refreshing native plugins compatible for Editor in 0.69 ms, found 2 plugins.
Preloading 0 native plugins for Editor in 0.00 ms.
Mono: successfully reloaded assembly
- Completed reload, in  1.287 seconds
Platform modules already initialized, skipping
Refreshing native plugins compatible for Editor in 0.81 ms, found 2 plugins.
Preloading 0 native plugins for Editor in 0.00 ms.
Unloading 2101 Unused Serialized files (Serialized files now loaded: 0)
System memory in use before: 102.8 MB.
System memory in use after: 103.0 MB.

Unloading 50 unused Assets to reduce memory usage. Loaded Objects now: 2574.
Total: 6.873900 ms (FindLiveObjects: 0.211800 ms CreateObjectMapping: 0.073500 ms MarkObjects: 6.522600 ms  DeleteObjects: 0.064700 ms)

========================================================================
Received Import Request.
  Time since last request: 346.959857 seconds.
  path: Assets/Scripts/Combat/Weapon.cs
  artifactKey: Guid(5b705bb668b0fa040917f420f15e4f01) Importer(815301076,1909f56bfc062723c751e8b465ee728b)
Start importing Assets/Scripts/Combat/Weapon.cs using Guid(5b705bb668b0fa040917f420f15e4f01) Importer(815301076,1909f56bfc062723c751e8b465ee728b)  -> (artifact id: 'fe6e1cb6b5e79dfa6a720c09fccb5549') in 0.012560 seconds
  Import took 0.016093 seconds .

========================================================================
Received Import Request.
  Time since last request: 0.023762 seconds.
  path: Assets/Scripts/Combat/Weapon.cs
  artifactKey: Guid(5b705bb668b0fa040917f420f15e4f01) Importer(815301076,1909f56bfc062723c751e8b465ee728b)
Start importing Assets/Scripts/Combat/Weapon.cs using Guid(5b705bb668b0fa040917f420f15e4f01) Importer(815301076,1909f56bfc062723c751e8b465ee728b)  -> (artifact id: 'fe6e1cb6b5e79dfa6a720c09fccb5549') in 0.001876 seconds
  Import took 0.006268 seconds .

========================================================================
Received Import Request.
  Time since last request: 2.833367 seconds.
  path: Assets/Scripts/Combat/WeaponConfig.cs
  artifactKey: Guid(5b705bb668b0fa040917f420f15e4f01) Importer(815301076,1909f56bfc062723c751e8b465ee728b)
Start importing Assets/Scripts/Combat/WeaponConfig.cs using Guid(5b705bb668b0fa040917f420f15e4f01) Importer(815301076,1909f56bfc062723c751e8b465ee728b)  -> (artifact id: '6037da1e706752d2d49a55ca89c428d3') in 0.002029 seconds
  Import took 0.006919 seconds .

========================================================================
Received Prepare
Registering precompiled user dll's ...
Registered in 0.007069 seconds.
Begin MonoManager ReloadAssembly
Native extension for WindowsStandalone target not found
Refreshing native plugins compatible for Editor in 1.03 ms, found 2 plugins.
Preloading 0 native plugins for Editor in 0.00 ms.
Mono: successfully reloaded assembly
- Completed reload, in  1.484 seconds
Platform modules already initialized, skipping
Refreshing native plugins compatible for Editor in 2.11 ms, found 2 plugins.
Preloading 0 native plugins for Editor in 0.00 ms.
Unloading 2101 Unused Serialized files (Serialized files now loaded: 0)
System memory in use before: 102.9 MB.
System memory in use after: 103.0 MB.

Unloading 50 unused Assets to reduce memory usage. Loaded Objects now: 2577.
Total: 7.595500 ms (FindLiveObjects: 0.385400 ms CreateObjectMapping: 0.146500 ms MarkObjects: 7.028800 ms  DeleteObjects: 0.033300 ms)

========================================================================
Received Prepare
Registering precompiled user dll's ...
Registered in 0.004541 seconds.
Begin MonoManager ReloadAssembly
Native extension for WindowsStandalone target not found
Refreshing native plugins compatible for Editor in 1.38 ms, found 2 plugins.
Preloading 0 native plugins for Editor in 0.00 ms.
Mono: successfully reloaded assembly
- Completed reload, in  1.475 seconds
Platform modules already initialized, skipping
Refreshing native plugins compatible for Editor in 0.73 ms, found 2 plugins.
Preloading 0 native plugins for Editor in 0.00 ms.
Unloading 2102 Unused Serialized files (Serialized files now loaded: 0)
System memory in use before: 102.9 MB.
System memory in use after: 103.0 MB.

Unloading 50 unused Assets to reduce memory usage. Loaded Objects now: 2581.
Total: 6.372500 ms (FindLiveObjects: 0.220100 ms CreateObjectMapping: 0.111800 ms MarkObjects: 6.008700 ms  DeleteObjects: 0.030800 ms)

========================================================================
Received Import Request.
  Time since last request: 179.560326 seconds.
  path: Assets/Scripts/Combat/WeaponConfig.cs
  artifactKey: Guid(5b705bb668b0fa040917f420f15e4f01) Importer(815301076,1909f56bfc062723c751e8b465ee728b)
Start importing Assets/Scripts/Combat/WeaponConfig.cs using Guid(5b705bb668b0fa040917f420f15e4f01) Importer(815301076,1909f56bfc062723c751e8b465ee728b)  -> (artifact id: '72336d28c79ce1f7d0392e8b3b3debbb') in 0.005164 seconds
  Import took 0.008856 seconds .

========================================================================
Received Import Request.
  Time since last request: 4.594173 seconds.
  path: Assets/Resources/BillingMode.json
  artifactKey: Guid(ade7778ba89bc7d4ca61a67817541d99) Importer(815301076,1909f56bfc062723c751e8b465ee728b)
Start importing Assets/Resources/BillingMode.json using Guid(ade7778ba89bc7d4ca61a67817541d99) Importer(815301076,1909f56bfc062723c751e8b465ee728b)  -> (artifact id: 'fd60872d87c01a69384565ad869c6c28') in 0.046812 seconds
  Import took 0.050597 seconds .

========================================================================
Received Import Request.
  Time since last request: 33.984676 seconds.
  path: Assets/Game/Weapons/Unarmed
  artifactKey: Guid(ef0d1d95d6d22454d8996e4ebba62b07) Importer(815301076,1909f56bfc062723c751e8b465ee728b)
Start importing Assets/Game/Weapons/Unarmed using Guid(ef0d1d95d6d22454d8996e4ebba62b07) Importer(815301076,1909f56bfc062723c751e8b465ee728b)  -> (artifact id: '901d00456a58d128d446663792edc0cc') in 0.002011 seconds
  Import took 0.006257 seconds .

========================================================================
Received Import Request.
  Time since last request: 6.971667 seconds.
  path: Assets/Game/Weapons/Resources/Sword.asset
  artifactKey: Guid(3c538010c195866469f27ce45dc797e0) Importer(815301076,1909f56bfc062723c751e8b465ee728b)
Start importing Assets/Game/Weapons/Resources/Sword.asset using Guid(3c538010c195866469f27ce45dc797e0) Importer(815301076,1909f56bfc062723c751e8b465ee728b)  -> (artifact id: '57fc1e97fcba983beb16ea83f6e9f874') in 0.026124 seconds
  Import took 0.031107 seconds .

========================================================================
Received Import Request.
  Time since last request: 79.722756 seconds.
  path: Assets/Game/Weapons/Bow/Equipped Bow.prefab
  artifactKey: Guid(36f25de802fa1d14b892b6bf3970833f) Importer(815301076,1909f56bfc062723c751e8b465ee728b)
Start importing Assets/Game/Weapons/Bow/Equipped Bow.prefab using Guid(36f25de802fa1d14b892b6bf3970833f) Importer(815301076,1909f56bfc062723c751e8b465ee728b)  -> (artifact id: 'ece2c3c4b1156e2d272c5927642fc56c') in 0.056233 seconds
  Import took 0.060323 seconds .

========================================================================
Received Import Request.
  Time since last request: 61.310252 seconds.
  path: Assets/Game/Weapons/Resources/Bow Red Projectile.asset
  artifactKey: Guid(974c829aff63cf942afcb9f12e676f3f) Importer(815301076,1909f56bfc062723c751e8b465ee728b)
Start importing Assets/Game/Weapons/Resources/Bow Red Projectile.asset using Guid(974c829aff63cf942afcb9f12e676f3f) Importer(815301076,1909f56bfc062723c751e8b465ee728b)  -> (artifact id: 'fbfff4fa7ccb565258a136db20768c08') in 0.028275 seconds
  Import took 0.034202 seconds .

========================================================================
Received Prepare
Registering precompiled user dll's ...
Registered in 0.004369 seconds.
Begin MonoManager ReloadAssembly
Native extension for WindowsStandalone target not found
Refreshing native plugins compatible for Editor in 0.86 ms, found 2 plugins.
Preloading 0 native plugins for Editor in 0.00 ms.
Mono: successfully reloaded assembly
- Completed reload, in  1.329 seconds
Platform modules already initialized, skipping
Refreshing native plugins compatible for Editor in 0.78 ms, found 2 plugins.
Preloading 0 native plugins for Editor in 0.00 ms.
Unloading 2102 Unused Serialized files (Serialized files now loaded: 0)
System memory in use before: 102.9 MB.
System memory in use after: 103.0 MB.

Unloading 50 unused Assets to reduce memory usage. Loaded Objects now: 2585.
Total: 6.358900 ms (FindLiveObjects: 0.198300 ms CreateObjectMapping: 0.065800 ms MarkObjects: 6.029200 ms  DeleteObjects: 0.064500 ms)

========================================================================
Received Prepare
Registering precompiled user dll's ...
Registered in 0.005826 seconds.
Begin MonoManager ReloadAssembly
Native extension for WindowsStandalone target not found
Refreshing native plugins compatible for Editor in 0.89 ms, found 2 plugins.
Preloading 0 native plugins for Editor in 0.00 ms.
Mono: successfully reloaded assembly
- Completed reload, in  1.141 seconds
Platform modules already initialized, skipping
Refreshing native plugins compatible for Editor in 0.73 ms, found 2 plugins.
Preloading 0 native plugins for Editor in 0.00 ms.
Unloading 2102 Unused Serialized files (Serialized files now loaded: 0)
System memory in use before: 102.9 MB.
System memory in use after: 103.0 MB.

Unloading 50 unused Assets to reduce memory usage. Loaded Objects now: 2588.
Total: 5.903300 ms (FindLiveObjects: 0.197200 ms CreateObjectMapping: 0.068200 ms MarkObjects: 5.574900 ms  DeleteObjects: 0.062300 ms)

AssetImportWorkerClient::OnTransportError - code=2 error=End of file
